
> ai-studio-applet@0.1.0 dev
> next dev --port 3000

   ▲ Next.js 15.5.19
   - Local:        http://localhost:3000
   - Network:      http://192.168.43.44:3000
   - Environments: .env.local

 ✓ Starting...
 ✓ Ready in 8.2s
 ○ Compiling /middleware ...
 ✓ Compiled /middleware in 759ms (158 modules)
 ○ Compiling /scheduler ...
 ✓ Compiled /scheduler in 13.3s (1835 modules)
 GET /scheduler 200 in 15774ms
 ✓ Compiled in 2.5s (786 modules)
 ○ Compiling /contacts ...
 ✓ Compiled /contacts in 6.6s (1925 modules)
 GET /contacts 200 in 7662ms
 ✓ Compiled in 1209ms (829 modules)
 GET /contacts 200 in 171ms
 GET /contacts 200 in 169ms
 ○ Compiling /conversations ...
 ✓ Compiled /conversations in 2.4s (1964 modules)
 GET /conversations 200 in 2943ms
 GET /conversations 200 in 168ms
 ○ Compiling /ai-models ...
 ✓ Compiled /ai-models in 4s (2041 modules)
 GET /ai-models 200 in 4422ms
 GET /ai-models 200 in 174ms
 ○ Compiling /tasks ...
 ✓ Compiled /tasks in 6.2s (2058 modules)
 GET /tasks 200 in 6931ms
 GET /tasks 200 in 430ms
 GET /tasks 200 in 188ms
[?25h
Terminate batch job (Y/N)? 